The system is: Linux - 3.10.0-1160.31.1.el7.x86_64 - x86_64
Compiling the C compiler identification source file "CMakeCCompilerId.c" succeeded.
Compiler: /usr/pack/gcc-9.2.0-af/linux-x64/bin/gcc 
Build flags: 
Id flags:  

The output was:
0


Compilation of the C compiler identification source "CMakeCCompilerId.c" produced "a.out"

The C compiler identification is GNU, found in "/home/bsc22f7/project/build/CMakeFiles/3.18.1/CompilerIdC/a.out"

Compiling the CXX compiler identification source file "CMakeCXXCompilerId.cpp" succeeded.
Compiler: /usr/pack/gcc-9.2.0-af/linux-x64/bin/g++ 
Build flags: 
Id flags:  

The output was:
0


Compilation of the CXX compiler identification source "CMakeCXXCompilerId.cpp" produced "a.out"

The CXX compiler identification is GNU, found in "/home/bsc22f7/project/build/CMakeFiles/3.18.1/CompilerIdCXX/a.out"

Detecting C compiler ABI info compiled with the following output:
Change Dir: /home/bsc22f7/project/build/CMakeFiles/CMakeTmp

Run Build Command(s):/usr/bin/gmake cmTC_65204/fast && /usr/bin/gmake  -f CMakeFiles/cmTC_65204.dir/build.make CMakeFiles/cmTC_65204.dir/build
gmake[1]: Entering directory `/home/bsc22f7/project/build/CMakeFiles/CMakeTmp'
Building C object CMakeFiles/cmTC_65204.dir/CMakeCCompilerABI.c.o
/usr/pack/gcc-9.2.0-af/linux-x64/bin/gcc   -v -o CMakeFiles/cmTC_65204.dir/CMakeCCompilerABI.c.o -c /usr/pack/cmake-3.18.1-kgf/share/cmake-3.18/Modules/CMakeCCompilerABI.c
Using built-in specs.
COLLECT_GCC=/usr/pack/gcc-9.2.0-af/linux-x64/bin/gcc
Target: x86_64-pc-linux-gnu
Configured with: ../gcc-9.2.0/configure --prefix=/usr/pack/gcc-9.2.0-af --exec-prefix=/usr/pack/gcc-9.2.0-af/linux-x64 --enable-threads --enable-languages=c,c++,fortran,go --enable-lto --disable-nls --disable-multilib --with-specs='%{shared:-Wl,-rpath -Wl,/usr/pack/gcc-9.2.0-af/linux-x64/lib64}%{!shared:-Wl,-rpath -Wl,/usr/pack/gcc-9.2.0-af/linux-x64/lib64}'
Thread model: posix
gcc version 9.2.0 (GCC) 
COLLECT_GCC_OPTIONS='-v' '-o' 'CMakeFiles/cmTC_65204.dir/CMakeCCompilerABI.c.o' '-c' '-mtune=generic' '-march=x86-64'
 /usr/pack/gcc-9.2.0-af/linux-x64/libexec/gcc/x86_64-pc-linux-gnu/9.2.0/cc1 -quiet -v /usr/pack/cmake-3.18.1-kgf/share/cmake-3.18/Modules/CMakeCCompilerABI.c -quiet -dumpbase CMakeCCompilerABI.c -mtune=generic -march=x86-64 -auxbase-strip CMakeFiles/cmTC_65204.dir/CMakeCCompilerABI.c.o -version -o /tmp/ccqObX2b.s
GNU C17 (GCC) version 9.2.0 (x86_64-pc-linux-gnu)
	compiled by GNU C version 9.2.0, GMP version 6.2.0, MPFR version 4.0.2, MPC version 1.1.0, isl version isl-0.18-GMP

GGC heuristics: --param ggc-min-expand=100 --param ggc-min-heapsize=131072
ignoring duplicate directory "/usr/pack/gcc-9.2.0-af/include"
ignoring nonexistent directory "/usr/pack/gcc-9.2.0-af/linux-x64/lib/gcc/x86_64-pc-linux-gnu/9.2.0/../../../../../x86_64-pc-linux-gnu/include"
#include "..." search starts here:
#include <...> search starts here:
 /usr/scratch/kneiff/paulsc/opt/verilator/share/verilator/include/vltstd/
 /usr/scratch/kneiff/paulsc/opt/verilator/share/verilator/include/
 /usr/scratch/kneiff/paulsc/opt/mkl/include/
 .
 /usr/pack/gcc-9.2.0-af/include
 /usr/pack/gcc-9.2.0-af/linux-x64/lib/gcc/x86_64-pc-linux-gnu/9.2.0/include
 /usr/local/include
 /usr/pack/gcc-9.2.0-af/linux-x64/lib/gcc/x86_64-pc-linux-gnu/9.2.0/include-fixed
 /usr/include
End of search list.
GNU C17 (GCC) version 9.2.0 (x86_64-pc-linux-gnu)
	compiled by GNU C version 9.2.0, GMP version 6.2.0, MPFR version 4.0.2, MPC version 1.1.0, isl version isl-0.18-GMP

GGC heuristics: --param ggc-min-expand=100 --param ggc-min-heapsize=131072
Compiler executable checksum: 99235bde4d0d10a9b9e34a7fbea7f84f
COLLECT_GCC_OPTIONS='-v' '-o' 'CMakeFiles/cmTC_65204.dir/CMakeCCompilerABI.c.o' '-c' '-mtune=generic' '-march=x86-64'
 as -v --64 -o CMakeFiles/cmTC_65204.dir/CMakeCCompilerABI.c.o /tmp/ccqObX2b.s
GNU assembler version 2.27 (x86_64-pc-linux-gnu) using BFD version (GNU Binutils) 2.27
COMPILER_PATH=/usr/pack/gcc-9.2.0-af/linux-x64/libexec/gcc/x86_64-pc-linux-gnu/9.2.0/:/usr/pack/gcc-9.2.0-af/linux-x64/libexec/gcc/x86_64-pc-linux-gnu/9.2.0/:/usr/pack/gcc-9.2.0-af/linux-x64/libexec/gcc/x86_64-pc-linux-gnu/:/usr/pack/gcc-9.2.0-af/linux-x64/lib/gcc/x86_64-pc-linux-gnu/9.2.0/:/usr/pack/gcc-9.2.0-af/linux-x64/lib/gcc/x86_64-pc-linux-gnu/
LIBRARY_PATH=/usr/pack/gcc-9.2.0-af/linux-x64/lib64/../lib64/:/usr/pack/gcc-9.2.0-af/linux-x64/lib/gcc/x86_64-pc-linux-gnu/9.2.0/:/usr/pack/gcc-9.2.0-af/linux-x64/lib/gcc/x86_64-pc-linux-gnu/9.2.0/../../../../lib64/:/lib/../lib64/:/usr/lib/../lib64/:/usr/pack/gcc-9.2.0-af/linux-x64/lib64/:./:/usr/pack/gcc-9.2.0-af/linux-x64/lib/gcc/x86_64-pc-linux-gnu/9.2.0/../../../:/lib/:/usr/lib/
COLLECT_GCC_OPTIONS='-v' '-o' 'CMakeFiles/cmTC_65204.dir/CMakeCCompilerABI.c.o' '-c' '-mtune=generic' '-march=x86-64'
Linking C executable cmTC_65204
/usr/pack/cmake-3.18.1-kgf/bin/cmake -E cmake_link_script CMakeFiles/cmTC_65204.dir/link.txt --verbose=1
/usr/pack/gcc-9.2.0-af/linux-x64/bin/gcc  -v CMakeFiles/cmTC_65204.dir/CMakeCCompilerABI.c.o -o cmTC_65204 
Using built-in specs.
COLLECT_GCC=/usr/pack/gcc-9.2.0-af/linux-x64/bin/gcc
COLLECT_LTO_WRAPPER=/usr/pack/gcc-9.2.0-af/linux-x64/libexec/gcc/x86_64-pc-linux-gnu/9.2.0/lto-wrapper
Target: x86_64-pc-linux-gnu
Configured with: ../gcc-9.2.0/configure --prefix=/usr/pack/gcc-9.2.0-af --exec-prefix=/usr/pack/gcc-9.2.0-af/linux-x64 --enable-threads --enable-languages=c,c++,fortran,go --enable-lto --disable-nls --disable-multilib --with-specs='%{shared:-Wl,-rpath -Wl,/usr/pack/gcc-9.2.0-af/linux-x64/lib64}%{!shared:-Wl,-rpath -Wl,/usr/pack/gcc-9.2.0-af/linux-x64/lib64}'
Thread model: posix
gcc version 9.2.0 (GCC) 
COMPILER_PATH=/usr/pack/gcc-9.2.0-af/linux-x64/libexec/gcc/x86_64-pc-linux-gnu/9.2.0/:/usr/pack/gcc-9.2.0-af/linux-x64/libexec/gcc/x86_64-pc-linux-gnu/9.2.0/:/usr/pack/gcc-9.2.0-af/linux-x64/libexec/gcc/x86_64-pc-linux-gnu/:/usr/pack/gcc-9.2.0-af/linux-x64/lib/gcc/x86_64-pc-linux-gnu/9.2.0/:/usr/pack/gcc-9.2.0-af/linux-x64/lib/gcc/x86_64-pc-linux-gnu/
LIBRARY_PATH=/usr/pack/gcc-9.2.0-af/linux-x64/lib64/../lib64/:/usr/pack/gcc-9.2.0-af/linux-x64/lib/gcc/x86_64-pc-linux-gnu/9.2.0/:/usr/pack/gcc-9.2.0-af/linux-x64/lib/gcc/x86_64-pc-linux-gnu/9.2.0/../../../../lib64/:/lib/../lib64/:/usr/lib/../lib64/:/usr/pack/gcc-9.2.0-af/linux-x64/lib64/:./:/usr/pack/gcc-9.2.0-af/linux-x64/lib/gcc/x86_64-pc-linux-gnu/9.2.0/../../../:/lib/:/usr/lib/
COLLECT_GCC_OPTIONS='-v' '-o' 'cmTC_65204' '-mtune=generic' '-march=x86-64'
 /usr/pack/gcc-9.2.0-af/linux-x64/libexec/gcc/x86_64-pc-linux-gnu/9.2.0/collect2 -plugin /usr/pack/gcc-9.2.0-af/linux-x64/libexec/gcc/x86_64-pc-linux-gnu/9.2.0/liblto_plugin.so -plugin-opt=/usr/pack/gcc-9.2.0-af/linux-x64/libexec/gcc/x86_64-pc-linux-gnu/9.2.0/lto-wrapper -plugin-opt=-fresolution=/tmp/cc5u3vtf.res -plugin-opt=-pass-through=-lgcc -plugin-opt=-pass-through=-lgcc_s -plugin-opt=-pass-through=-lc -plugin-opt=-pass-through=-lgcc -plugin-opt=-pass-through=-lgcc_s --eh-frame-hdr -m elf_x86_64 -dynamic-linker /lib64/ld-linux-x86-64.so.2 -o cmTC_65204 /lib/../lib64/crt1.o /lib/../lib64/crti.o /usr/pack/gcc-9.2.0-af/linux-x64/lib/gcc/x86_64-pc-linux-gnu/9.2.0/crtbegin.o -L/usr/pack/gcc-9.2.0-af/linux-x64/lib64/../lib64 -L/usr/pack/gcc-9.2.0-af/linux-x64/lib/gcc/x86_64-pc-linux-gnu/9.2.0 -L/usr/pack/gcc-9.2.0-af/linux-x64/lib/gcc/x86_64-pc-linux-gnu/9.2.0/../../../../lib64 -L/lib/../lib64 -L/usr/lib/../lib64 -L/usr/pack/gcc-9.2.0-af/linux-x64/lib64 -L. -L/usr/pack/gcc-9.2.0-af/linux-x64/lib/gcc/x86_64-pc-linux-gnu/9.2.0/../../.. CMakeFiles/cmTC_65204.dir/CMakeCCompilerABI.c.o -rpath /usr/pack/gcc-9.2.0-af/linux-x64/lib64 -lgcc --as-needed -lgcc_s --no-as-needed -lc -lgcc --as-needed -lgcc_s --no-as-needed /usr/pack/gcc-9.2.0-af/linux-x64/lib/gcc/x86_64-pc-linux-gnu/9.2.0/crtend.o /lib/../lib64/crtn.o
COLLECT_GCC_OPTIONS='-v' '-o' 'cmTC_65204' '-mtune=generic' '-march=x86-64'
gmake[1]: Leaving directory `/home/bsc22f7/project/build/CMakeFiles/CMakeTmp'



Parsed C implicit include dir info from above output: rv=done
  found start of include info
  found start of implicit include info
    add: [/usr/scratch/kneiff/paulsc/opt/verilator/share/verilator/include/vltstd/]
    add: [/usr/scratch/kneiff/paulsc/opt/verilator/share/verilator/include/]
    add: [/usr/scratch/kneiff/paulsc/opt/mkl/include/]
    add: [.]
    add: [/usr/pack/gcc-9.2.0-af/include]
    add: [/usr/pack/gcc-9.2.0-af/linux-x64/lib/gcc/x86_64-pc-linux-gnu/9.2.0/include]
    add: [/usr/local/include]
    add: [/usr/pack/gcc-9.2.0-af/linux-x64/lib/gcc/x86_64-pc-linux-gnu/9.2.0/include-fixed]
    add: [/usr/include]
  end of search list found
  collapse include dir [/usr/scratch/kneiff/paulsc/opt/verilator/share/verilator/include/vltstd/] ==> [/usr/scratch/kneiff/paulsc/opt/verilator/share/verilator/include/vltstd]
  collapse include dir [/usr/scratch/kneiff/paulsc/opt/verilator/share/verilator/include/] ==> [/usr/scratch/kneiff/paulsc/opt/verilator/share/verilator/include]
  collapse include dir [/usr/scratch/kneiff/paulsc/opt/mkl/include/] ==> [/usr/scratch/kneiff/paulsc/opt/mkl/include]
  skipping relative include dir [.]
  collapse include dir [/usr/pack/gcc-9.2.0-af/include] ==> [/usr/pack/gcc-9.2.0-af/include]
  collapse include dir [/usr/pack/gcc-9.2.0-af/linux-x64/lib/gcc/x86_64-pc-linux-gnu/9.2.0/include] ==> [/usr/pack/gcc-9.2.0-af/linux-x64/lib/gcc/x86_64-pc-linux-gnu/9.2.0/include]
  collapse include dir [/usr/local/include] ==> [/usr/local/include]
  collapse include dir [/usr/pack/gcc-9.2.0-af/linux-x64/lib/gcc/x86_64-pc-linux-gnu/9.2.0/include-fixed] ==> [/usr/pack/gcc-9.2.0-af/linux-x64/lib/gcc/x86_64-pc-linux-gnu/9.2.0/include-fixed]
  collapse include dir [/usr/include] ==> [/usr/include]
  implicit include dirs: [/usr/scratch/kneiff/paulsc/opt/verilator/share/verilator/include/vltstd;/usr/scratch/kneiff/paulsc/opt/verilator/share/verilator/include;/usr/scratch/kneiff/paulsc/opt/mkl/include;/usr/pack/gcc-9.2.0-af/include;/usr/pack/gcc-9.2.0-af/linux-x64/lib/gcc/x86_64-pc-linux-gnu/9.2.0/include;/usr/local/include;/usr/pack/gcc-9.2.0-af/linux-x64/lib/gcc/x86_64-pc-linux-gnu/9.2.0/include-fixed;/usr/include]


Parsed C implicit link information from above output:
  link line regex: [^( *|.*[/\])(ld|CMAKE_LINK_STARTFILE-NOTFOUND|([^/\]+-)?ld|collect2)[^/\]*( |$)]
  ignore line: [Change Dir: /home/bsc22f7/project/build/CMakeFiles/CMakeTmp]
  ignore line: []
  ignore line: [Run Build Command(s):/usr/bin/gmake cmTC_65204/fast && /usr/bin/gmake  -f CMakeFiles/cmTC_65204.dir/build.make CMakeFiles/cmTC_65204.dir/build]
  ignore line: [gmake[1]: Entering directory `/home/bsc22f7/project/build/CMakeFiles/CMakeTmp']
  ignore line: [Building C object CMakeFiles/cmTC_65204.dir/CMakeCCompilerABI.c.o]
  ignore line: [/usr/pack/gcc-9.2.0-af/linux-x64/bin/gcc   -v -o CMakeFiles/cmTC_65204.dir/CMakeCCompilerABI.c.o -c /usr/pack/cmake-3.18.1-kgf/share/cmake-3.18/Modules/CMakeCCompilerABI.c]
  ignore line: [Using built-in specs.]
  ignore line: [COLLECT_GCC=/usr/pack/gcc-9.2.0-af/linux-x64/bin/gcc]
  ignore line: [Target: x86_64-pc-linux-gnu]
  ignore line: [Configured with: ../gcc-9.2.0/configure --prefix=/usr/pack/gcc-9.2.0-af --exec-prefix=/usr/pack/gcc-9.2.0-af/linux-x64 --enable-threads --enable-languages=c c++ fortran go --enable-lto --disable-nls --disable-multilib --with-specs='%{shared:-Wl -rpath -Wl /usr/pack/gcc-9.2.0-af/linux-x64/lib64}%{!shared:-Wl -rpath -Wl /usr/pack/gcc-9.2.0-af/linux-x64/lib64}']
  ignore line: [Thread model: posix]
  ignore line: [gcc version 9.2.0 (GCC) ]
  ignore line: [COLLECT_GCC_OPTIONS='-v' '-o' 'CMakeFiles/cmTC_65204.dir/CMakeCCompilerABI.c.o' '-c' '-mtune=generic' '-march=x86-64']
  ignore line: [ /usr/pack/gcc-9.2.0-af/linux-x64/libexec/gcc/x86_64-pc-linux-gnu/9.2.0/cc1 -quiet -v /usr/pack/cmake-3.18.1-kgf/share/cmake-3.18/Modules/CMakeCCompilerABI.c -quiet -dumpbase CMakeCCompilerABI.c -mtune=generic -march=x86-64 -auxbase-strip CMakeFiles/cmTC_65204.dir/CMakeCCompilerABI.c.o -version -o /tmp/ccqObX2b.s]
  ignore line: [GNU C17 (GCC) version 9.2.0 (x86_64-pc-linux-gnu)]
  ignore line: [	compiled by GNU C version 9.2.0  GMP version 6.2.0  MPFR version 4.0.2  MPC version 1.1.0  isl version isl-0.18-GMP]
  ignore line: []
  ignore line: [GGC heuristics: --param ggc-min-expand=100 --param ggc-min-heapsize=131072]
  ignore line: [ignoring duplicate directory "/usr/pack/gcc-9.2.0-af/include"]
  ignore line: [ignoring nonexistent directory "/usr/pack/gcc-9.2.0-af/linux-x64/lib/gcc/x86_64-pc-linux-gnu/9.2.0/../../../../../x86_64-pc-linux-gnu/include"]
  ignore line: [#include "..." search starts here:]
  ignore line: [#include <...> search starts here:]
  ignore line: [ /usr/scratch/kneiff/paulsc/opt/verilator/share/verilator/include/vltstd/]
  ignore line: [ /usr/scratch/kneiff/paulsc/opt/verilator/share/verilator/include/]
  ignore line: [ /usr/scratch/kneiff/paulsc/opt/mkl/include/]
  ignore line: [ .]
  ignore line: [ /usr/pack/gcc-9.2.0-af/include]
  ignore line: [ /usr/pack/gcc-9.2.0-af/linux-x64/lib/gcc/x86_64-pc-linux-gnu/9.2.0/include]
  ignore line: [ /usr/local/include]
  ignore line: [ /usr/pack/gcc-9.2.0-af/linux-x64/lib/gcc/x86_64-pc-linux-gnu/9.2.0/include-fixed]
  ignore line: [ /usr/include]
  ignore line: [End of search list.]
  ignore line: [GNU C17 (GCC) version 9.2.0 (x86_64-pc-linux-gnu)]
  ignore line: [	compiled by GNU C version 9.2.0  GMP version 6.2.0  MPFR version 4.0.2  MPC version 1.1.0  isl version isl-0.18-GMP]
  ignore line: []
  ignore line: [GGC heuristics: --param ggc-min-expand=100 --param ggc-min-heapsize=131072]
  ignore line: [Compiler executable checksum: 99235bde4d0d10a9b9e34a7fbea7f84f]
  ignore line: [COLLECT_GCC_OPTIONS='-v' '-o' 'CMakeFiles/cmTC_65204.dir/CMakeCCompilerABI.c.o' '-c' '-mtune=generic' '-march=x86-64']
  ignore line: [ as -v --64 -o CMakeFiles/cmTC_65204.dir/CMakeCCompilerABI.c.o /tmp/ccqObX2b.s]
  ignore line: [GNU assembler version 2.27 (x86_64-pc-linux-gnu) using BFD version (GNU Binutils) 2.27]
  ignore line: [COMPILER_PATH=/usr/pack/gcc-9.2.0-af/linux-x64/libexec/gcc/x86_64-pc-linux-gnu/9.2.0/:/usr/pack/gcc-9.2.0-af/linux-x64/libexec/gcc/x86_64-pc-linux-gnu/9.2.0/:/usr/pack/gcc-9.2.0-af/linux-x64/libexec/gcc/x86_64-pc-linux-gnu/:/usr/pack/gcc-9.2.0-af/linux-x64/lib/gcc/x86_64-pc-linux-gnu/9.2.0/:/usr/pack/gcc-9.2.0-af/linux-x64/lib/gcc/x86_64-pc-linux-gnu/]
  ignore line: [LIBRARY_PATH=/usr/pack/gcc-9.2.0-af/linux-x64/lib64/../lib64/:/usr/pack/gcc-9.2.0-af/linux-x64/lib/gcc/x86_64-pc-linux-gnu/9.2.0/:/usr/pack/gcc-9.2.0-af/linux-x64/lib/gcc/x86_64-pc-linux-gnu/9.2.0/../../../../lib64/:/lib/../lib64/:/usr/lib/../lib64/:/usr/pack/gcc-9.2.0-af/linux-x64/lib64/:./:/usr/pack/gcc-9.2.0-af/linux-x64/lib/gcc/x86_64-pc-linux-gnu/9.2.0/../../../:/lib/:/usr/lib/]
  ignore line: [COLLECT_GCC_OPTIONS='-v' '-o' 'CMakeFiles/cmTC_65204.dir/CMakeCCompilerABI.c.o' '-c' '-mtune=generic' '-march=x86-64']
  ignore line: [Linking C executable cmTC_65204]
  ignore line: [/usr/pack/cmake-3.18.1-kgf/bin/cmake -E cmake_link_script CMakeFiles/cmTC_65204.dir/link.txt --verbose=1]
  ignore line: [/usr/pack/gcc-9.2.0-af/linux-x64/bin/gcc  -v CMakeFiles/cmTC_65204.dir/CMakeCCompilerABI.c.o -o cmTC_65204 ]
  ignore line: [Using built-in specs.]
  ignore line: [COLLECT_GCC=/usr/pack/gcc-9.2.0-af/linux-x64/bin/gcc]
  ignore line: [COLLECT_LTO_WRAPPER=/usr/pack/gcc-9.2.0-af/linux-x64/libexec/gcc/x86_64-pc-linux-gnu/9.2.0/lto-wrapper]
  ignore line: [Target: x86_64-pc-linux-gnu]
  ignore line: [Configured with: ../gcc-9.2.0/configure --prefix=/usr/pack/gcc-9.2.0-af --exec-prefix=/usr/pack/gcc-9.2.0-af/linux-x64 --enable-threads --enable-languages=c c++ fortran go --enable-lto --disable-nls --disable-multilib --with-specs='%{shared:-Wl -rpath -Wl /usr/pack/gcc-9.2.0-af/linux-x64/lib64}%{!shared:-Wl -rpath -Wl /usr/pack/gcc-9.2.0-af/linux-x64/lib64}']
  ignore line: [Thread model: posix]
  ignore line: [gcc version 9.2.0 (GCC) ]
  ignore line: [COMPILER_PATH=/usr/pack/gcc-9.2.0-af/linux-x64/libexec/gcc/x86_64-pc-linux-gnu/9.2.0/:/usr/pack/gcc-9.2.0-af/linux-x64/libexec/gcc/x86_64-pc-linux-gnu/9.2.0/:/usr/pack/gcc-9.2.0-af/linux-x64/libexec/gcc/x86_64-pc-linux-gnu/:/usr/pack/gcc-9.2.0-af/linux-x64/lib/gcc/x86_64-pc-linux-gnu/9.2.0/:/usr/pack/gcc-9.2.0-af/linux-x64/lib/gcc/x86_64-pc-linux-gnu/]
  ignore line: [LIBRARY_PATH=/usr/pack/gcc-9.2.0-af/linux-x64/lib64/../lib64/:/usr/pack/gcc-9.2.0-af/linux-x64/lib/gcc/x86_64-pc-linux-gnu/9.2.0/:/usr/pack/gcc-9.2.0-af/linux-x64/lib/gcc/x86_64-pc-linux-gnu/9.2.0/../../../../lib64/:/lib/../lib64/:/usr/lib/../lib64/:/usr/pack/gcc-9.2.0-af/linux-x64/lib64/:./:/usr/pack/gcc-9.2.0-af/linux-x64/lib/gcc/x86_64-pc-linux-gnu/9.2.0/../../../:/lib/:/usr/lib/]
  ignore line: [COLLECT_GCC_OPTIONS='-v' '-o' 'cmTC_65204' '-mtune=generic' '-march=x86-64']
  link line: [ /usr/pack/gcc-9.2.0-af/linux-x64/libexec/gcc/x86_64-pc-linux-gnu/9.2.0/collect2 -plugin /usr/pack/gcc-9.2.0-af/linux-x64/libexec/gcc/x86_64-pc-linux-gnu/9.2.0/liblto_plugin.so -plugin-opt=/usr/pack/gcc-9.2.0-af/linux-x64/libexec/gcc/x86_64-pc-linux-gnu/9.2.0/lto-wrapper -plugin-opt=-fresolution=/tmp/cc5u3vtf.res -plugin-opt=-pass-through=-lgcc -plugin-opt=-pass-through=-lgcc_s -plugin-opt=-pass-through=-lc -plugin-opt=-pass-through=-lgcc -plugin-opt=-pass-through=-lgcc_s --eh-frame-hdr -m elf_x86_64 -dynamic-linker /lib64/ld-linux-x86-64.so.2 -o cmTC_65204 /lib/../lib64/crt1.o /lib/../lib64/crti.o /usr/pack/gcc-9.2.0-af/linux-x64/lib/gcc/x86_64-pc-linux-gnu/9.2.0/crtbegin.o -L/usr/pack/gcc-9.2.0-af/linux-x64/lib64/../lib64 -L/usr/pack/gcc-9.2.0-af/linux-x64/lib/gcc/x86_64-pc-linux-gnu/9.2.0 -L/usr/pack/gcc-9.2.0-af/linux-x64/lib/gcc/x86_64-pc-linux-gnu/9.2.0/../../../../lib64 -L/lib/../lib64 -L/usr/lib/../lib64 -L/usr/pack/gcc-9.2.0-af/linux-x64/lib64 -L. -L/usr/pack/gcc-9.2.0-af/linux-x64/lib/gcc/x86_64-pc-linux-gnu/9.2.0/../../.. CMakeFiles/cmTC_65204.dir/CMakeCCompilerABI.c.o -rpath /usr/pack/gcc-9.2.0-af/linux-x64/lib64 -lgcc --as-needed -lgcc_s --no-as-needed -lc -lgcc --as-needed -lgcc_s --no-as-needed /usr/pack/gcc-9.2.0-af/linux-x64/lib/gcc/x86_64-pc-linux-gnu/9.2.0/crtend.o /lib/../lib64/crtn.o]
    arg [/usr/pack/gcc-9.2.0-af/linux-x64/libexec/gcc/x86_64-pc-linux-gnu/9.2.0/collect2] ==> ignore
    arg [-plugin] ==> ignore
    arg [/usr/pack/gcc-9.2.0-af/linux-x64/libexec/gcc/x86_64-pc-linux-gnu/9.2.0/liblto_plugin.so] ==> ignore
    arg [-plugin-opt=/usr/pack/gcc-9.2.0-af/linux-x64/libexec/gcc/x86_64-pc-linux-gnu/9.2.0/lto-wrapper] ==> ignore
    arg [-plugin-opt=-fresolution=/tmp/cc5u3vtf.res] ==> ignore
    arg [-plugin-opt=-pass-through=-lgcc] ==> ignore
    arg [-plugin-opt=-pass-through=-lgcc_s] ==> ignore
    arg [-plugin-opt=-pass-through=-lc] ==> ignore
    arg [-plugin-opt=-pass-through=-lgcc] ==> ignore
    arg [-plugin-opt=-pass-through=-lgcc_s] ==> ignore
    arg [--eh-frame-hdr] ==> ignore
    arg [-m] ==> ignore
    arg [elf_x86_64] ==> ignore
    arg [-dynamic-linker] ==> ignore
    arg [/lib64/ld-linux-x86-64.so.2] ==> ignore
    arg [-o] ==> ignore
    arg [cmTC_65204] ==> ignore
    arg [/lib/../lib64/crt1.o] ==> ignore
    arg [/lib/../lib64/crti.o] ==> ignore
    arg [/usr/pack/gcc-9.2.0-af/linux-x64/lib/gcc/x86_64-pc-linux-gnu/9.2.0/crtbegin.o] ==> ignore
    arg [-L/usr/pack/gcc-9.2.0-af/linux-x64/lib64/../lib64] ==> dir [/usr/pack/gcc-9.2.0-af/linux-x64/lib64/../lib64]
    arg [-L/usr/pack/gcc-9.2.0-af/linux-x64/lib/gcc/x86_64-pc-linux-gnu/9.2.0] ==> dir [/usr/pack/gcc-9.2.0-af/linux-x64/lib/gcc/x86_64-pc-linux-gnu/9.2.0]
    arg [-L/usr/pack/gcc-9.2.0-af/linux-x64/lib/gcc/x86_64-pc-linux-gnu/9.2.0/../../../../lib64] ==> dir [/usr/pack/gcc-9.2.0-af/linux-x64/lib/gcc/x86_64-pc-linux-gnu/9.2.0/../../../../lib64]
    arg [-L/lib/../lib64] ==> dir [/lib/../lib64]
    arg [-L/usr/lib/../lib64] ==> dir [/usr/lib/../lib64]
    arg [-L/usr/pack/gcc-9.2.0-af/linux-x64/lib64] ==> dir [/usr/pack/gcc-9.2.0-af/linux-x64/lib64]
    arg [-L.] ==> ignore
    arg [-L/usr/pack/gcc-9.2.0-af/linux-x64/lib/gcc/x86_64-pc-linux-gnu/9.2.0/../../..] ==> dir [/usr/pack/gcc-9.2.0-af/linux-x64/lib/gcc/x86_64-pc-linux-gnu/9.2.0/../../..]
    arg [CMakeFiles/cmTC_65204.dir/CMakeCCompilerABI.c.o] ==> ignore
    arg [-rpath] ==> ignore
    arg [/usr/pack/gcc-9.2.0-af/linux-x64/lib64] ==> ignore
    arg [-lgcc] ==> lib [gcc]
    arg [--as-needed] ==> ignore
    arg [-lgcc_s] ==> lib [gcc_s]
    arg [--no-as-needed] ==> ignore
    arg [-lc] ==> lib [c]
    arg [-lgcc] ==> lib [gcc]
    arg [--as-needed] ==> ignore
    arg [-lgcc_s] ==> lib [gcc_s]
    arg [--no-as-needed] ==> ignore
    arg [/usr/pack/gcc-9.2.0-af/linux-x64/lib/gcc/x86_64-pc-linux-gnu/9.2.0/crtend.o] ==> ignore
    arg [/lib/../lib64/crtn.o] ==> ignore
  collapse library dir [/usr/pack/gcc-9.2.0-af/linux-x64/lib64/../lib64] ==> [/usr/pack/gcc-9.2.0-af/linux-x64/lib64]
  collapse library dir [/usr/pack/gcc-9.2.0-af/linux-x64/lib/gcc/x86_64-pc-linux-gnu/9.2.0] ==> [/usr/pack/gcc-9.2.0-af/linux-x64/lib/gcc/x86_64-pc-linux-gnu/9.2.0]
  collapse library dir [/usr/pack/gcc-9.2.0-af/linux-x64/lib/gcc/x86_64-pc-linux-gnu/9.2.0/../../../../lib64] ==> [/usr/pack/gcc-9.2.0-af/linux-x64/lib64]
  collapse library dir [/lib/../lib64] ==> [/lib64]
  collapse library dir [/usr/lib/../lib64] ==> [/usr/lib64]
  collapse library dir [/usr/pack/gcc-9.2.0-af/linux-x64/lib64] ==> [/usr/pack/gcc-9.2.0-af/linux-x64/lib64]
  collapse library dir [/usr/pack/gcc-9.2.0-af/linux-x64/lib/gcc/x86_64-pc-linux-gnu/9.2.0/../../..] ==> [/usr/pack/gcc-9.2.0-af/linux-x64/lib]
  implicit libs: [gcc;gcc_s;c;gcc;gcc_s]
  implicit dirs: [/usr/pack/gcc-9.2.0-af/linux-x64/lib64;/usr/pack/gcc-9.2.0-af/linux-x64/lib/gcc/x86_64-pc-linux-gnu/9.2.0;/lib64;/usr/lib64;/usr/pack/gcc-9.2.0-af/linux-x64/lib]
  implicit fwks: []


Detecting CXX compiler ABI info compiled with the following output:
Change Dir: /home/bsc22f7/project/build/CMakeFiles/CMakeTmp

Run Build Command(s):/usr/bin/gmake cmTC_47e6e/fast && /usr/bin/gmake  -f CMakeFiles/cmTC_47e6e.dir/build.make CMakeFiles/cmTC_47e6e.dir/build
gmake[1]: Entering directory `/home/bsc22f7/project/build/CMakeFiles/CMakeTmp'
Building CXX object CMakeFiles/cmTC_47e6e.dir/CMakeCXXCompilerABI.cpp.o
/usr/pack/gcc-9.2.0-af/linux-x64/bin/g++   -v -o CMakeFiles/cmTC_47e6e.dir/CMakeCXXCompilerABI.cpp.o -c /usr/pack/cmake-3.18.1-kgf/share/cmake-3.18/Modules/CMakeCXXCompilerABI.cpp
Using built-in specs.
COLLECT_GCC=/usr/pack/gcc-9.2.0-af/linux-x64/bin/g++
Target: x86_64-pc-linux-gnu
Configured with: ../gcc-9.2.0/configure --prefix=/usr/pack/gcc-9.2.0-af --exec-prefix=/usr/pack/gcc-9.2.0-af/linux-x64 --enable-threads --enable-languages=c,c++,fortran,go --enable-lto --disable-nls --disable-multilib --with-specs='%{shared:-Wl,-rpath -Wl,/usr/pack/gcc-9.2.0-af/linux-x64/lib64}%{!shared:-Wl,-rpath -Wl,/usr/pack/gcc-9.2.0-af/linux-x64/lib64}'
Thread model: posix
gcc version 9.2.0 (GCC) 
COLLECT_GCC_OPTIONS='-v' '-o' 'CMakeFiles/cmTC_47e6e.dir/CMakeCXXCompilerABI.cpp.o' '-c' '-shared-libgcc' '-mtune=generic' '-march=x86-64'
 /usr/pack/gcc-9.2.0-af/linux-x64/libexec/gcc/x86_64-pc-linux-gnu/9.2.0/cc1plus -quiet -v -D_GNU_SOURCE /usr/pack/cmake-3.18.1-kgf/share/cmake-3.18/Modules/CMakeCXXCompilerABI.cpp -quiet -dumpbase CMakeCXXCompilerABI.cpp -mtune=generic -march=x86-64 -auxbase-strip CMakeFiles/cmTC_47e6e.dir/CMakeCXXCompilerABI.cpp.o -version -o /tmp/ccuAXdPp.s
GNU C++14 (GCC) version 9.2.0 (x86_64-pc-linux-gnu)
	compiled by GNU C version 9.2.0, GMP version 6.2.0, MPFR version 4.0.2, MPC version 1.1.0, isl version isl-0.18-GMP

GGC heuristics: --param ggc-min-expand=100 --param ggc-min-heapsize=131072
ignoring duplicate directory "."
ignoring nonexistent directory "/usr/pack/gcc-9.2.0-af/linux-x64/lib/gcc/x86_64-pc-linux-gnu/9.2.0/../../../../../x86_64-pc-linux-gnu/include"
#include "..." search starts here:
#include <...> search starts here:
 /usr/scratch/kneiff/paulsc/opt/verilator/share/verilator/include/vltstd/
 /usr/scratch/kneiff/paulsc/opt/verilator/share/verilator/include/
 /usr/scratch/kneiff/paulsc/opt/mkl/include/
 .
 /usr/pack/gcc-9.2.0-af/linux-x64/lib/gcc/x86_64-pc-linux-gnu/9.2.0/../../../../../include/c++/9.2.0
 /usr/pack/gcc-9.2.0-af/linux-x64/lib/gcc/x86_64-pc-linux-gnu/9.2.0/../../../../../include/c++/9.2.0/x86_64-pc-linux-gnu
 /usr/pack/gcc-9.2.0-af/linux-x64/lib/gcc/x86_64-pc-linux-gnu/9.2.0/../../../../../include/c++/9.2.0/backward
 /usr/pack/gcc-9.2.0-af/linux-x64/lib/gcc/x86_64-pc-linux-gnu/9.2.0/include
 /usr/local/include
 /usr/pack/gcc-9.2.0-af/include
 /usr/pack/gcc-9.2.0-af/linux-x64/lib/gcc/x86_64-pc-linux-gnu/9.2.0/include-fixed
 /usr/include
End of search list.
GNU C++14 (GCC) version 9.2.0 (x86_64-pc-linux-gnu)
	compiled by GNU C version 9.2.0, GMP version 6.2.0, MPFR version 4.0.2, MPC version 1.1.0, isl version isl-0.18-GMP

GGC heuristics: --param ggc-min-expand=100 --param ggc-min-heapsize=131072
Compiler executable checksum: a1f94ad3a98549f1716612ef66c96373
COLLECT_GCC_OPTIONS='-v' '-o' 'CMakeFiles/cmTC_47e6e.dir/CMakeCXXCompilerABI.cpp.o' '-c' '-shared-libgcc' '-mtune=generic' '-march=x86-64'
 as -v --64 -o CMakeFiles/cmTC_47e6e.dir/CMakeCXXCompilerABI.cpp.o /tmp/ccuAXdPp.s
GNU assembler version 2.27 (x86_64-pc-linux-gnu) using BFD version (GNU Binutils) 2.27
COMPILER_PATH=/usr/pack/gcc-9.2.0-af/linux-x64/libexec/gcc/x86_64-pc-linux-gnu/9.2.0/:/usr/pack/gcc-9.2.0-af/linux-x64/libexec/gcc/x86_64-pc-linux-gnu/9.2.0/:/usr/pack/gcc-9.2.0-af/linux-x64/libexec/gcc/x86_64-pc-linux-gnu/:/usr/pack/gcc-9.2.0-af/linux-x64/lib/gcc/x86_64-pc-linux-gnu/9.2.0/:/usr/pack/gcc-9.2.0-af/linux-x64/lib/gcc/x86_64-pc-linux-gnu/
LIBRARY_PATH=/usr/pack/gcc-9.2.0-af/linux-x64/lib64/../lib64/:/usr/pack/gcc-9.2.0-af/linux-x64/lib/gcc/x86_64-pc-linux-gnu/9.2.0/:/usr/pack/gcc-9.2.0-af/linux-x64/lib/gcc/x86_64-pc-linux-gnu/9.2.0/../../../../lib64/:/lib/../lib64/:/usr/lib/../lib64/:/usr/pack/gcc-9.2.0-af/linux-x64/lib64/:./:/usr/pack/gcc-9.2.0-af/linux-x64/lib/gcc/x86_64-pc-linux-gnu/9.2.0/../../../:/lib/:/usr/lib/
COLLECT_GCC_OPTIONS='-v' '-o' 'CMakeFiles/cmTC_47e6e.dir/CMakeCXXCompilerABI.cpp.o' '-c' '-shared-libgcc' '-mtune=generic' '-march=x86-64'
Linking CXX executable cmTC_47e6e
/usr/pack/cmake-3.18.1-kgf/bin/cmake -E cmake_link_script CMakeFiles/cmTC_47e6e.dir/link.txt --verbose=1
/usr/pack/gcc-9.2.0-af/linux-x64/bin/g++  -v CMakeFiles/cmTC_47e6e.dir/CMakeCXXCompilerABI.cpp.o -o cmTC_47e6e 
Using built-in specs.
COLLECT_GCC=/usr/pack/gcc-9.2.0-af/linux-x64/bin/g++
COLLECT_LTO_WRAPPER=/usr/pack/gcc-9.2.0-af/linux-x64/libexec/gcc/x86_64-pc-linux-gnu/9.2.0/lto-wrapper
Target: x86_64-pc-linux-gnu
Configured with: ../gcc-9.2.0/configure --prefix=/usr/pack/gcc-9.2.0-af --exec-prefix=/usr/pack/gcc-9.2.0-af/linux-x64 --enable-threads --enable-languages=c,c++,fortran,go --enable-lto --disable-nls --disable-multilib --with-specs='%{shared:-Wl,-rpath -Wl,/usr/pack/gcc-9.2.0-af/linux-x64/lib64}%{!shared:-Wl,-rpath -Wl,/usr/pack/gcc-9.2.0-af/linux-x64/lib64}'
Thread model: posix
gcc version 9.2.0 (GCC) 
COMPILER_PATH=/usr/pack/gcc-9.2.0-af/linux-x64/libexec/gcc/x86_64-pc-linux-gnu/9.2.0/:/usr/pack/gcc-9.2.0-af/linux-x64/libexec/gcc/x86_64-pc-linux-gnu/9.2.0/:/usr/pack/gcc-9.2.0-af/linux-x64/libexec/gcc/x86_64-pc-linux-gnu/:/usr/pack/gcc-9.2.0-af/linux-x64/lib/gcc/x86_64-pc-linux-gnu/9.2.0/:/usr/pack/gcc-9.2.0-af/linux-x64/lib/gcc/x86_64-pc-linux-gnu/
LIBRARY_PATH=/usr/pack/gcc-9.2.0-af/linux-x64/lib64/../lib64/:/usr/pack/gcc-9.2.0-af/linux-x64/lib/gcc/x86_64-pc-linux-gnu/9.2.0/:/usr/pack/gcc-9.2.0-af/linux-x64/lib/gcc/x86_64-pc-linux-gnu/9.2.0/../../../../lib64/:/lib/../lib64/:/usr/lib/../lib64/:/usr/pack/gcc-9.2.0-af/linux-x64/lib64/:./:/usr/pack/gcc-9.2.0-af/linux-x64/lib/gcc/x86_64-pc-linux-gnu/9.2.0/../../../:/lib/:/usr/lib/
COLLECT_GCC_OPTIONS='-v' '-o' 'cmTC_47e6e' '-shared-libgcc' '-mtune=generic' '-march=x86-64'
 /usr/pack/gcc-9.2.0-af/linux-x64/libexec/gcc/x86_64-pc-linux-gnu/9.2.0/collect2 -plugin /usr/pack/gcc-9.2.0-af/linux-x64/libexec/gcc/x86_64-pc-linux-gnu/9.2.0/liblto_plugin.so -plugin-opt=/usr/pack/gcc-9.2.0-af/linux-x64/libexec/gcc/x86_64-pc-linux-gnu/9.2.0/lto-wrapper -plugin-opt=-fresolution=/tmp/ccLYiykt.res -plugin-opt=-pass-through=-lgcc_s -plugin-opt=-pass-through=-lgcc -plugin-opt=-pass-through=-lc -plugin-opt=-pass-through=-lgcc_s -plugin-opt=-pass-through=-lgcc --eh-frame-hdr -m elf_x86_64 -dynamic-linker /lib64/ld-linux-x86-64.so.2 -o cmTC_47e6e /lib/../lib64/crt1.o /lib/../lib64/crti.o /usr/pack/gcc-9.2.0-af/linux-x64/lib/gcc/x86_64-pc-linux-gnu/9.2.0/crtbegin.o -L/usr/pack/gcc-9.2.0-af/linux-x64/lib64/../lib64 -L/usr/pack/gcc-9.2.0-af/linux-x64/lib/gcc/x86_64-pc-linux-gnu/9.2.0 -L/usr/pack/gcc-9.2.0-af/linux-x64/lib/gcc/x86_64-pc-linux-gnu/9.2.0/../../../../lib64 -L/lib/../lib64 -L/usr/lib/../lib64 -L/usr/pack/gcc-9.2.0-af/linux-x64/lib64 -L. -L/usr/pack/gcc-9.2.0-af/linux-x64/lib/gcc/x86_64-pc-linux-gnu/9.2.0/../../.. CMakeFiles/cmTC_47e6e.dir/CMakeCXXCompilerABI.cpp.o -lstdc++ -lm -rpath /usr/pack/gcc-9.2.0-af/linux-x64/lib64 -lgcc_s -lgcc -lc -lgcc_s -lgcc /usr/pack/gcc-9.2.0-af/linux-x64/lib/gcc/x86_64-pc-linux-gnu/9.2.0/crtend.o /lib/../lib64/crtn.o
COLLECT_GCC_OPTIONS='-v' '-o' 'cmTC_47e6e' '-shared-libgcc' '-mtune=generic' '-march=x86-64'
gmake[1]: Leaving directory `/home/bsc22f7/project/build/CMakeFiles/CMakeTmp'



Parsed CXX implicit include dir info from above output: rv=done
  found start of include info
  found start of implicit include info
    add: [/usr/scratch/kneiff/paulsc/opt/verilator/share/verilator/include/vltstd/]
    add: [/usr/scratch/kneiff/paulsc/opt/verilator/share/verilator/include/]
    add: [/usr/scratch/kneiff/paulsc/opt/mkl/include/]
    add: [.]
    add: [/usr/pack/gcc-9.2.0-af/linux-x64/lib/gcc/x86_64-pc-linux-gnu/9.2.0/../../../../../include/c++/9.2.0]
    add: [/usr/pack/gcc-9.2.0-af/linux-x64/lib/gcc/x86_64-pc-linux-gnu/9.2.0/../../../../../include/c++/9.2.0/x86_64-pc-linux-gnu]
    add: [/usr/pack/gcc-9.2.0-af/linux-x64/lib/gcc/x86_64-pc-linux-gnu/9.2.0/../../../../../include/c++/9.2.0/backward]
    add: [/usr/pack/gcc-9.2.0-af/linux-x64/lib/gcc/x86_64-pc-linux-gnu/9.2.0/include]
    add: [/usr/local/include]
    add: [/usr/pack/gcc-9.2.0-af/include]
    add: [/usr/pack/gcc-9.2.0-af/linux-x64/lib/gcc/x86_64-pc-linux-gnu/9.2.0/include-fixed]
    add: [/usr/include]
  end of search list found
  collapse include dir [/usr/scratch/kneiff/paulsc/opt/verilator/share/verilator/include/vltstd/] ==> [/usr/scratch/kneiff/paulsc/opt/verilator/share/verilator/include/vltstd]
  collapse include dir [/usr/scratch/kneiff/paulsc/opt/verilator/share/verilator/include/] ==> [/usr/scratch/kneiff/paulsc/opt/verilator/share/verilator/include]
  collapse include dir [/usr/scratch/kneiff/paulsc/opt/mkl/include/] ==> [/usr/scratch/kneiff/paulsc/opt/mkl/include]
  skipping relative include dir [.]
  collapse include dir [/usr/pack/gcc-9.2.0-af/linux-x64/lib/gcc/x86_64-pc-linux-gnu/9.2.0/../../../../../include/c++/9.2.0] ==> [/usr/pack/gcc-9.2.0-af/include/c++/9.2.0]
  collapse include dir [/usr/pack/gcc-9.2.0-af/linux-x64/lib/gcc/x86_64-pc-linux-gnu/9.2.0/../../../../../include/c++/9.2.0/x86_64-pc-linux-gnu] ==> [/usr/pack/gcc-9.2.0-af/include/c++/9.2.0/x86_64-pc-linux-gnu]
  collapse include dir [/usr/pack/gcc-9.2.0-af/linux-x64/lib/gcc/x86_64-pc-linux-gnu/9.2.0/../../../../../include/c++/9.2.0/backward] ==> [/usr/pack/gcc-9.2.0-af/include/c++/9.2.0/backward]
  collapse include dir [/usr/pack/gcc-9.2.0-af/linux-x64/lib/gcc/x86_64-pc-linux-gnu/9.2.0/include] ==> [/usr/pack/gcc-9.2.0-af/linux-x64/lib/gcc/x86_64-pc-linux-gnu/9.2.0/include]
  collapse include dir [/usr/local/include] ==> [/usr/local/include]
  collapse include dir [/usr/pack/gcc-9.2.0-af/include] ==> [/usr/pack/gcc-9.2.0-af/include]
  collapse include dir [/usr/pack/gcc-9.2.0-af/linux-x64/lib/gcc/x86_64-pc-linux-gnu/9.2.0/include-fixed] ==> [/usr/pack/gcc-9.2.0-af/linux-x64/lib/gcc/x86_64-pc-linux-gnu/9.2.0/include-fixed]
  collapse include dir [/usr/include] ==> [/usr/include]
  implicit include dirs: [/usr/scratch/kneiff/paulsc/opt/verilator/share/verilator/include/vltstd;/usr/scratch/kneiff/paulsc/opt/verilator/share/verilator/include;/usr/scratch/kneiff/paulsc/opt/mkl/include;/usr/pack/gcc-9.2.0-af/include/c++/9.2.0;/usr/pack/gcc-9.2.0-af/include/c++/9.2.0/x86_64-pc-linux-gnu;/usr/pack/gcc-9.2.0-af/include/c++/9.2.0/backward;/usr/pack/gcc-9.2.0-af/linux-x64/lib/gcc/x86_64-pc-linux-gnu/9.2.0/include;/usr/local/include;/usr/pack/gcc-9.2.0-af/include;/usr/pack/gcc-9.2.0-af/linux-x64/lib/gcc/x86_64-pc-linux-gnu/9.2.0/include-fixed;/usr/include]


Parsed CXX implicit link information from above output:
  link line regex: [^( *|.*[/\])(ld|CMAKE_LINK_STARTFILE-NOTFOUND|([^/\]+-)?ld|collect2)[^/\]*( |$)]
  ignore line: [Change Dir: /home/bsc22f7/project/build/CMakeFiles/CMakeTmp]
  ignore line: []
  ignore line: [Run Build Command(s):/usr/bin/gmake cmTC_47e6e/fast && /usr/bin/gmake  -f CMakeFiles/cmTC_47e6e.dir/build.make CMakeFiles/cmTC_47e6e.dir/build]
  ignore line: [gmake[1]: Entering directory `/home/bsc22f7/project/build/CMakeFiles/CMakeTmp']
  ignore line: [Building CXX object CMakeFiles/cmTC_47e6e.dir/CMakeCXXCompilerABI.cpp.o]
  ignore line: [/usr/pack/gcc-9.2.0-af/linux-x64/bin/g++   -v -o CMakeFiles/cmTC_47e6e.dir/CMakeCXXCompilerABI.cpp.o -c /usr/pack/cmake-3.18.1-kgf/share/cmake-3.18/Modules/CMakeCXXCompilerABI.cpp]
  ignore line: [Using built-in specs.]
  ignore line: [COLLECT_GCC=/usr/pack/gcc-9.2.0-af/linux-x64/bin/g++]
  ignore line: [Target: x86_64-pc-linux-gnu]
  ignore line: [Configured with: ../gcc-9.2.0/configure --prefix=/usr/pack/gcc-9.2.0-af --exec-prefix=/usr/pack/gcc-9.2.0-af/linux-x64 --enable-threads --enable-languages=c c++ fortran go --enable-lto --disable-nls --disable-multilib --with-specs='%{shared:-Wl -rpath -Wl /usr/pack/gcc-9.2.0-af/linux-x64/lib64}%{!shared:-Wl -rpath -Wl /usr/pack/gcc-9.2.0-af/linux-x64/lib64}']
  ignore line: [Thread model: posix]
  ignore line: [gcc version 9.2.0 (GCC) ]
  ignore line: [COLLECT_GCC_OPTIONS='-v' '-o' 'CMakeFiles/cmTC_47e6e.dir/CMakeCXXCompilerABI.cpp.o' '-c' '-shared-libgcc' '-mtune=generic' '-march=x86-64']
  ignore line: [ /usr/pack/gcc-9.2.0-af/linux-x64/libexec/gcc/x86_64-pc-linux-gnu/9.2.0/cc1plus -quiet -v -D_GNU_SOURCE /usr/pack/cmake-3.18.1-kgf/share/cmake-3.18/Modules/CMakeCXXCompilerABI.cpp -quiet -dumpbase CMakeCXXCompilerABI.cpp -mtune=generic -march=x86-64 -auxbase-strip CMakeFiles/cmTC_47e6e.dir/CMakeCXXCompilerABI.cpp.o -version -o /tmp/ccuAXdPp.s]
  ignore line: [GNU C++14 (GCC) version 9.2.0 (x86_64-pc-linux-gnu)]
  ignore line: [	compiled by GNU C version 9.2.0  GMP version 6.2.0  MPFR version 4.0.2  MPC version 1.1.0  isl version isl-0.18-GMP]
  ignore line: []
  ignore line: [GGC heuristics: --param ggc-min-expand=100 --param ggc-min-heapsize=131072]
  ignore line: [ignoring duplicate directory "."]
  ignore line: [ignoring nonexistent directory "/usr/pack/gcc-9.2.0-af/linux-x64/lib/gcc/x86_64-pc-linux-gnu/9.2.0/../../../../../x86_64-pc-linux-gnu/include"]
  ignore line: [#include "..." search starts here:]
  ignore line: [#include <...> search starts here:]
  ignore line: [ /usr/scratch/kneiff/paulsc/opt/verilator/share/verilator/include/vltstd/]
  ignore line: [ /usr/scratch/kneiff/paulsc/opt/verilator/share/verilator/include/]
  ignore line: [ /usr/scratch/kneiff/paulsc/opt/mkl/include/]
  ignore line: [ .]
  ignore line: [ /usr/pack/gcc-9.2.0-af/linux-x64/lib/gcc/x86_64-pc-linux-gnu/9.2.0/../../../../../include/c++/9.2.0]
  ignore line: [ /usr/pack/gcc-9.2.0-af/linux-x64/lib/gcc/x86_64-pc-linux-gnu/9.2.0/../../../../../include/c++/9.2.0/x86_64-pc-linux-gnu]
  ignore line: [ /usr/pack/gcc-9.2.0-af/linux-x64/lib/gcc/x86_64-pc-linux-gnu/9.2.0/../../../../../include/c++/9.2.0/backward]
  ignore line: [ /usr/pack/gcc-9.2.0-af/linux-x64/lib/gcc/x86_64-pc-linux-gnu/9.2.0/include]
  ignore line: [ /usr/local/include]
  ignore line: [ /usr/pack/gcc-9.2.0-af/include]
  ignore line: [ /usr/pack/gcc-9.2.0-af/linux-x64/lib/gcc/x86_64-pc-linux-gnu/9.2.0/include-fixed]
  ignore line: [ /usr/include]
  ignore line: [End of search list.]
  ignore line: [GNU C++14 (GCC) version 9.2.0 (x86_64-pc-linux-gnu)]
  ignore line: [	compiled by GNU C version 9.2.0  GMP version 6.2.0  MPFR version 4.0.2  MPC version 1.1.0  isl version isl-0.18-GMP]
  ignore line: []
  ignore line: [GGC heuristics: --param ggc-min-expand=100 --param ggc-min-heapsize=131072]
  ignore line: [Compiler executable checksum: a1f94ad3a98549f1716612ef66c96373]
  ignore line: [COLLECT_GCC_OPTIONS='-v' '-o' 'CMakeFiles/cmTC_47e6e.dir/CMakeCXXCompilerABI.cpp.o' '-c' '-shared-libgcc' '-mtune=generic' '-march=x86-64']
  ignore line: [ as -v --64 -o CMakeFiles/cmTC_47e6e.dir/CMakeCXXCompilerABI.cpp.o /tmp/ccuAXdPp.s]
  ignore line: [GNU assembler version 2.27 (x86_64-pc-linux-gnu) using BFD version (GNU Binutils) 2.27]
  ignore line: [COMPILER_PATH=/usr/pack/gcc-9.2.0-af/linux-x64/libexec/gcc/x86_64-pc-linux-gnu/9.2.0/:/usr/pack/gcc-9.2.0-af/linux-x64/libexec/gcc/x86_64-pc-linux-gnu/9.2.0/:/usr/pack/gcc-9.2.0-af/linux-x64/libexec/gcc/x86_64-pc-linux-gnu/:/usr/pack/gcc-9.2.0-af/linux-x64/lib/gcc/x86_64-pc-linux-gnu/9.2.0/:/usr/pack/gcc-9.2.0-af/linux-x64/lib/gcc/x86_64-pc-linux-gnu/]
  ignore line: [LIBRARY_PATH=/usr/pack/gcc-9.2.0-af/linux-x64/lib64/../lib64/:/usr/pack/gcc-9.2.0-af/linux-x64/lib/gcc/x86_64-pc-linux-gnu/9.2.0/:/usr/pack/gcc-9.2.0-af/linux-x64/lib/gcc/x86_64-pc-linux-gnu/9.2.0/../../../../lib64/:/lib/../lib64/:/usr/lib/../lib64/:/usr/pack/gcc-9.2.0-af/linux-x64/lib64/:./:/usr/pack/gcc-9.2.0-af/linux-x64/lib/gcc/x86_64-pc-linux-gnu/9.2.0/../../../:/lib/:/usr/lib/]
  ignore line: [COLLECT_GCC_OPTIONS='-v' '-o' 'CMakeFiles/cmTC_47e6e.dir/CMakeCXXCompilerABI.cpp.o' '-c' '-shared-libgcc' '-mtune=generic' '-march=x86-64']
  ignore line: [Linking CXX executable cmTC_47e6e]
  ignore line: [/usr/pack/cmake-3.18.1-kgf/bin/cmake -E cmake_link_script CMakeFiles/cmTC_47e6e.dir/link.txt --verbose=1]
  ignore line: [/usr/pack/gcc-9.2.0-af/linux-x64/bin/g++  -v CMakeFiles/cmTC_47e6e.dir/CMakeCXXCompilerABI.cpp.o -o cmTC_47e6e ]
  ignore line: [Using built-in specs.]
  ignore line: [COLLECT_GCC=/usr/pack/gcc-9.2.0-af/linux-x64/bin/g++]
  ignore line: [COLLECT_LTO_WRAPPER=/usr/pack/gcc-9.2.0-af/linux-x64/libexec/gcc/x86_64-pc-linux-gnu/9.2.0/lto-wrapper]
  ignore line: [Target: x86_64-pc-linux-gnu]
  ignore line: [Configured with: ../gcc-9.2.0/configure --prefix=/usr/pack/gcc-9.2.0-af --exec-prefix=/usr/pack/gcc-9.2.0-af/linux-x64 --enable-threads --enable-languages=c c++ fortran go --enable-lto --disable-nls --disable-multilib --with-specs='%{shared:-Wl -rpath -Wl /usr/pack/gcc-9.2.0-af/linux-x64/lib64}%{!shared:-Wl -rpath -Wl /usr/pack/gcc-9.2.0-af/linux-x64/lib64}']
  ignore line: [Thread model: posix]
  ignore line: [gcc version 9.2.0 (GCC) ]
  ignore line: [COMPILER_PATH=/usr/pack/gcc-9.2.0-af/linux-x64/libexec/gcc/x86_64-pc-linux-gnu/9.2.0/:/usr/pack/gcc-9.2.0-af/linux-x64/libexec/gcc/x86_64-pc-linux-gnu/9.2.0/:/usr/pack/gcc-9.2.0-af/linux-x64/libexec/gcc/x86_64-pc-linux-gnu/:/usr/pack/gcc-9.2.0-af/linux-x64/lib/gcc/x86_64-pc-linux-gnu/9.2.0/:/usr/pack/gcc-9.2.0-af/linux-x64/lib/gcc/x86_64-pc-linux-gnu/]
  ignore line: [LIBRARY_PATH=/usr/pack/gcc-9.2.0-af/linux-x64/lib64/../lib64/:/usr/pack/gcc-9.2.0-af/linux-x64/lib/gcc/x86_64-pc-linux-gnu/9.2.0/:/usr/pack/gcc-9.2.0-af/linux-x64/lib/gcc/x86_64-pc-linux-gnu/9.2.0/../../../../lib64/:/lib/../lib64/:/usr/lib/../lib64/:/usr/pack/gcc-9.2.0-af/linux-x64/lib64/:./:/usr/pack/gcc-9.2.0-af/linux-x64/lib/gcc/x86_64-pc-linux-gnu/9.2.0/../../../:/lib/:/usr/lib/]
  ignore line: [COLLECT_GCC_OPTIONS='-v' '-o' 'cmTC_47e6e' '-shared-libgcc' '-mtune=generic' '-march=x86-64']
  link line: [ /usr/pack/gcc-9.2.0-af/linux-x64/libexec/gcc/x86_64-pc-linux-gnu/9.2.0/collect2 -plugin /usr/pack/gcc-9.2.0-af/linux-x64/libexec/gcc/x86_64-pc-linux-gnu/9.2.0/liblto_plugin.so -plugin-opt=/usr/pack/gcc-9.2.0-af/linux-x64/libexec/gcc/x86_64-pc-linux-gnu/9.2.0/lto-wrapper -plugin-opt=-fresolution=/tmp/ccLYiykt.res -plugin-opt=-pass-through=-lgcc_s -plugin-opt=-pass-through=-lgcc -plugin-opt=-pass-through=-lc -plugin-opt=-pass-through=-lgcc_s -plugin-opt=-pass-through=-lgcc --eh-frame-hdr -m elf_x86_64 -dynamic-linker /lib64/ld-linux-x86-64.so.2 -o cmTC_47e6e /lib/../lib64/crt1.o /lib/../lib64/crti.o /usr/pack/gcc-9.2.0-af/linux-x64/lib/gcc/x86_64-pc-linux-gnu/9.2.0/crtbegin.o -L/usr/pack/gcc-9.2.0-af/linux-x64/lib64/../lib64 -L/usr/pack/gcc-9.2.0-af/linux-x64/lib/gcc/x86_64-pc-linux-gnu/9.2.0 -L/usr/pack/gcc-9.2.0-af/linux-x64/lib/gcc/x86_64-pc-linux-gnu/9.2.0/../../../../lib64 -L/lib/../lib64 -L/usr/lib/../lib64 -L/usr/pack/gcc-9.2.0-af/linux-x64/lib64 -L. -L/usr/pack/gcc-9.2.0-af/linux-x64/lib/gcc/x86_64-pc-linux-gnu/9.2.0/../../.. CMakeFiles/cmTC_47e6e.dir/CMakeCXXCompilerABI.cpp.o -lstdc++ -lm -rpath /usr/pack/gcc-9.2.0-af/linux-x64/lib64 -lgcc_s -lgcc -lc -lgcc_s -lgcc /usr/pack/gcc-9.2.0-af/linux-x64/lib/gcc/x86_64-pc-linux-gnu/9.2.0/crtend.o /lib/../lib64/crtn.o]
    arg [/usr/pack/gcc-9.2.0-af/linux-x64/libexec/gcc/x86_64-pc-linux-gnu/9.2.0/collect2] ==> ignore
    arg [-plugin] ==> ignore
    arg [/usr/pack/gcc-9.2.0-af/linux-x64/libexec/gcc/x86_64-pc-linux-gnu/9.2.0/liblto_plugin.so] ==> ignore
    arg [-plugin-opt=/usr/pack/gcc-9.2.0-af/linux-x64/libexec/gcc/x86_64-pc-linux-gnu/9.2.0/lto-wrapper] ==> ignore
    arg [-plugin-opt=-fresolution=/tmp/ccLYiykt.res] ==> ignore
    arg [-plugin-opt=-pass-through=-lgcc_s] ==> ignore
    arg [-plugin-opt=-pass-through=-lgcc] ==> ignore
    arg [-plugin-opt=-pass-through=-lc] ==> ignore
    arg [-plugin-opt=-pass-through=-lgcc_s] ==> ignore
    arg [-plugin-opt=-pass-through=-lgcc] ==> ignore
    arg [--eh-frame-hdr] ==> ignore
    arg [-m] ==> ignore
    arg [elf_x86_64] ==> ignore
    arg [-dynamic-linker] ==> ignore
    arg [/lib64/ld-linux-x86-64.so.2] ==> ignore
    arg [-o] ==> ignore
    arg [cmTC_47e6e] ==> ignore
    arg [/lib/../lib64/crt1.o] ==> ignore
    arg [/lib/../lib64/crti.o] ==> ignore
    arg [/usr/pack/gcc-9.2.0-af/linux-x64/lib/gcc/x86_64-pc-linux-gnu/9.2.0/crtbegin.o] ==> ignore
    arg [-L/usr/pack/gcc-9.2.0-af/linux-x64/lib64/../lib64] ==> dir [/usr/pack/gcc-9.2.0-af/linux-x64/lib64/../lib64]
    arg [-L/usr/pack/gcc-9.2.0-af/linux-x64/lib/gcc/x86_64-pc-linux-gnu/9.2.0] ==> dir [/usr/pack/gcc-9.2.0-af/linux-x64/lib/gcc/x86_64-pc-linux-gnu/9.2.0]
    arg [-L/usr/pack/gcc-9.2.0-af/linux-x64/lib/gcc/x86_64-pc-linux-gnu/9.2.0/../../../../lib64] ==> dir [/usr/pack/gcc-9.2.0-af/linux-x64/lib/gcc/x86_64-pc-linux-gnu/9.2.0/../../../../lib64]
    arg [-L/lib/../lib64] ==> dir [/lib/../lib64]
    arg [-L/usr/lib/../lib64] ==> dir [/usr/lib/../lib64]
    arg [-L/usr/pack/gcc-9.2.0-af/linux-x64/lib64] ==> dir [/usr/pack/gcc-9.2.0-af/linux-x64/lib64]
    arg [-L.] ==> ignore
    arg [-L/usr/pack/gcc-9.2.0-af/linux-x64/lib/gcc/x86_64-pc-linux-gnu/9.2.0/../../..] ==> dir [/usr/pack/gcc-9.2.0-af/linux-x64/lib/gcc/x86_64-pc-linux-gnu/9.2.0/../../..]
    arg [CMakeFiles/cmTC_47e6e.dir/CMakeCXXCompilerABI.cpp.o] ==> ignore
    arg [-lstdc++] ==> lib [stdc++]
    arg [-lm] ==> lib [m]
    arg [-rpath] ==> ignore
    arg [/usr/pack/gcc-9.2.0-af/linux-x64/lib64] ==> ignore
    arg [-lgcc_s] ==> lib [gcc_s]
    arg [-lgcc] ==> lib [gcc]
    arg [-lc] ==> lib [c]
    arg [-lgcc_s] ==> lib [gcc_s]
    arg [-lgcc] ==> lib [gcc]
    arg [/usr/pack/gcc-9.2.0-af/linux-x64/lib/gcc/x86_64-pc-linux-gnu/9.2.0/crtend.o] ==> ignore
    arg [/lib/../lib64/crtn.o] ==> ignore
  collapse library dir [/usr/pack/gcc-9.2.0-af/linux-x64/lib64/../lib64] ==> [/usr/pack/gcc-9.2.0-af/linux-x64/lib64]
  collapse library dir [/usr/pack/gcc-9.2.0-af/linux-x64/lib/gcc/x86_64-pc-linux-gnu/9.2.0] ==> [/usr/pack/gcc-9.2.0-af/linux-x64/lib/gcc/x86_64-pc-linux-gnu/9.2.0]
  collapse library dir [/usr/pack/gcc-9.2.0-af/linux-x64/lib/gcc/x86_64-pc-linux-gnu/9.2.0/../../../../lib64] ==> [/usr/pack/gcc-9.2.0-af/linux-x64/lib64]
  collapse library dir [/lib/../lib64] ==> [/lib64]
  collapse library dir [/usr/lib/../lib64] ==> [/usr/lib64]
  collapse library dir [/usr/pack/gcc-9.2.0-af/linux-x64/lib64] ==> [/usr/pack/gcc-9.2.0-af/linux-x64/lib64]
  collapse library dir [/usr/pack/gcc-9.2.0-af/linux-x64/lib/gcc/x86_64-pc-linux-gnu/9.2.0/../../..] ==> [/usr/pack/gcc-9.2.0-af/linux-x64/lib]
  implicit libs: [stdc++;m;gcc_s;gcc;c;gcc_s;gcc]
  implicit dirs: [/usr/pack/gcc-9.2.0-af/linux-x64/lib64;/usr/pack/gcc-9.2.0-af/linux-x64/lib/gcc/x86_64-pc-linux-gnu/9.2.0;/lib64;/usr/lib64;/usr/pack/gcc-9.2.0-af/linux-x64/lib]
  implicit fwks: []


